[video4linux2,v4l2 @ 0xaaab06cafb80] fd:4 capabilities:84a00001
[video4linux2,v4l2 @ 0xaaab06cafb80] Current input_channel: 0, input_name: Camera 1, input_std: 0
packet size is 614400(0xffff8ff45000)
packet size is 614400(0xffff8feaf000)
packet size is 614400(0xffff8fe19000)
packet size is 614400(0xffff8fd83000)
packet size is 614400(0xffff8fced000)
packet size is 614400(0xffff8fc57000)
packet size is 614400(0xffff8fbc1000)
packet size is 614400(0xffff8fb2b000)
packet size is 614400(0xffff8fa95000)
packet size is 614400(0xffff8f9ff000)
packet size is 614400(0xffff8f969000)
packet size is 614400(0xffff8f8d3000)
packet size is 614400(0xffff8f83d000)
packet size is 614400(0xffff8f7a7000)
packet size is 614400(0xffff8f711000)
packet size is 614400(0xffff8f67b000)
packet size is 614400(0xffff8f5e5000)
packet size is 614400(0xffff8f54f000)
packet size is 614400(0xffff8f4b9000)
packet size is 614400(0xffff8f423000)
packet size is 614400(0xffff8f38d000)
packet size is 614400(0xffff8f2f7000)
packet size is 614400(0xffff8f261000)
packet size is 614400(0xffff8f1cb000)
packet size is 614400(0xffff8f135000)
packet size is 614400(0xffff8f09f000)
packet size is 614400(0xffff8f009000)
packet size is 614400(0xffff8ef73000)
packet size is 614400(0xffff8eedd000)
packet size is 614400(0xffff8ee47000)
packet size is 614400(0xffff8edb1000)
packet size is 614400(0xffff8ed1b000)
packet size is 614400(0xffff8ff45000)
packet size is 614400(0xffff8feaf000)
packet size is 614400(0xffff8fe19000)
packet size is 614400(0xffff8fd83000)
packet size is 614400(0xffff8fced000)
packet size is 614400(0xffff8fc57000)
packet size is 614400(0xffff8fbc1000)
packet size is 614400(0xffff8fb2b000)
packet size is 614400(0xffff8fa95000)
packet size is 614400(0xffff8f9ff000)
packet size is 614400(0xffff8f969000)
packet size is 614400(0xffff8f8d3000)
packet size is 614400(0xffff8f83d000)
packet size is 614400(0xffff8f7a7000)
packet size is 614400(0xffff8f711000)
packet size is 614400(0xffff8f67b000)
packet size is 614400(0xffff8f5e5000)
packet size is 614400(0xffff8f54f000)
packet size is 614400(0xffff8f4b9000)
packet size is 614400(0xffff8f423000)
packet size is 614400(0xffff8f38d000)
packet size is 614400(0xffff8f2f7000)
packet size is 614400(0xffff8f261000)
packet size is 614400(0xffff8f1cb000)
packet size is 614400(0xffff8f135000)
packet size is 614400(0xffff8f09f000)
packet size is 614400(0xffff8f009000)
packet size is 614400(0xffff8ef73000)
packet size is 614400(0xffff8eedd000)
packet size is 614400(0xffff8ee47000)
packet size is 614400(0xffff8edb1000)
packet size is 614400(0xffff8ed1b000)
packet size is 614400(0xffff8ff45000)
packet size is 614400(0xffff8feaf000)
packet size is 614400(0xffff8fe19000)
packet size is 614400(0xffff8fd83000)
packet size is 614400(0xffff8fced000)
packet size is 614400(0xffff8fc57000)
packet size is 614400(0xffff8fbc1000)
packet size is 614400(0xffff8fb2b000)
packet size is 614400(0xffff8fa95000)
packet size is 614400(0xffff8f9ff000)
packet size is 614400(0xffff8f969000)
packet size is 614400(0xffff8f8d3000)
packet size is 614400(0xffff8f83d000)
packet size is 614400(0xffff8f7a7000)
packet size is 614400(0xffff8f711000)
packet size is 614400(0xffff8f67b000)
packet size is 614400(0xffff8f5e5000)
packet size is 614400(0xffff8f54f000)
packet size is 614400(0xffff8f4b9000)
packet size is 614400(0xffff8f423000)
packet size is 614400(0xffff8f38d000)
packet size is 614400(0xffff8f2f7000)
packet size is 614400(0xffff8f261000)
packet size is 614400(0xffff8f1cb000)
packet size is 614400(0xffff8f135000)
packet size is 614400(0xffff8f09f000)
packet size is 614400(0xffff8f009000)
packet size is 614400(0xffff8ef73000)
packet size is 614400(0xffff8eedd000)
packet size is 614400(0xffff8ee47000)
packet size is 614400(0xffff8edb1000)
packet size is 614400(0xffff8ed1b000)
packet size is 614400(0xffff8ff45000)
packet size is 614400(0xffff8feaf000)
packet size is 614400(0xffff8fe19000)
packet size is 614400(0xffff8fd83000)
[video4linux2,v4l2 @ 0xaaab06cafb80] Some buffers are still owned by the caller on close.
finish!
视频采集
Play the output video file with the command:
ffplay -f rawvideo -pix_fmt yuv420p -video_size 640x480 (null)
