[video4linux2,v4l2 @ 0x120a9a5a0] fd:4 capabilities:84a00001
[video4linux2,v4l2 @ 0x120a9a5a0] Current input_channel: 0, input_name: Camera 1, input_std: 0
packet size is 614400(0x40e75f75c000)
packet size is 614400(0x40e75f7f2000)
packet size is 614400(0x40e75f888000)
packet size is 614400(0x40e75f91e000)
packet size is 614400(0x40e75f9b4000)
packet size is 614400(0x40e75fa4a000)
packet size is 614400(0x40e75fae0000)
packet size is 614400(0x40e75fb76000)
packet size is 614400(0x40e75fc0c000)
packet size is 614400(0x40e75fca2000)
packet size is 614400(0x40e75fd38000)
packet size is 614400(0x40e75fdce000)
packet size is 614400(0x40e75fe64000)
packet size is 614400(0x40e75fefa000)
packet size is 614400(0x40e75ff90000)
packet size is 614400(0x40e760026000)
packet size is 614400(0x40e7600bc000)
packet size is 614400(0x40e760152000)
packet size is 614400(0x40e7601e8000)
packet size is 614400(0x40e76027e000)
packet size is 614400(0x40e760314000)
packet size is 614400(0x40e7603aa000)
packet size is 614400(0x40e760440000)
packet size is 614400(0x40e7604d6000)
packet size is 614400(0x40e76056c000)
packet size is 614400(0x40e760602000)
packet size is 614400(0x40e760698000)
packet size is 614400(0x40e76072e000)
packet size is 614400(0x40e7607c4000)
packet size is 614400(0x40e76085a000)
packet size is 614400(0x40e7608f0000)
packet size is 614400(0x40e760986000)
packet size is 614400(0x40e75f75c000)
packet size is 614400(0x40e75f7f2000)
packet size is 614400(0x40e75f888000)
packet size is 614400(0x40e75f91e000)
packet size is 614400(0x40e75f9b4000)
packet size is 614400(0x40e75fa4a000)
packet size is 614400(0x40e75fae0000)
packet size is 614400(0x40e75fb76000)
packet size is 614400(0x40e75fc0c000)
packet size is 614400(0x40e75fca2000)
packet size is 614400(0x40e75fd38000)
packet size is 614400(0x40e75fdce000)
packet size is 614400(0x40e75fe64000)
packet size is 614400(0x40e75fefa000)
packet size is 614400(0x40e75ff90000)
packet size is 614400(0x40e760026000)
packet size is 614400(0x40e7600bc000)
packet size is 614400(0x40e760152000)
packet size is 614400(0x40e7601e8000)
packet size is 614400(0x40e76027e000)
packet size is 614400(0x40e760314000)
packet size is 614400(0x40e7603aa000)
packet size is 614400(0x40e760440000)
packet size is 614400(0x40e7604d6000)
packet size is 614400(0x40e76056c000)
packet size is 614400(0x40e760602000)
packet size is 614400(0x40e760698000)
packet size is 614400(0x40e76072e000)
packet size is 614400(0x40e7607c4000)
packet size is 614400(0x40e76085a000)
packet size is 614400(0x40e7608f0000)
packet size is 614400(0x40e760986000)
packet size is 614400(0x40e75f75c000)
packet size is 614400(0x40e75f7f2000)
packet size is 614400(0x40e75f888000)
packet size is 614400(0x40e75f91e000)
packet size is 614400(0x40e75f9b4000)
packet size is 614400(0x40e75fa4a000)
packet size is 614400(0x40e75fae0000)
packet size is 614400(0x40e75fb76000)
packet size is 614400(0x40e75fc0c000)
packet size is 614400(0x40e75fca2000)
packet size is 614400(0x40e75fd38000)
packet size is 614400(0x40e75fdce000)
packet size is 614400(0x40e75fe64000)
packet size is 614400(0x40e75fefa000)
packet size is 614400(0x40e75ff90000)
packet size is 614400(0x40e760026000)
packet size is 614400(0x40e7600bc000)
packet size is 614400(0x40e760152000)
packet size is 614400(0x40e7601e8000)
packet size is 614400(0x40e76027e000)
packet size is 614400(0x40e760314000)
packet size is 614400(0x40e7603aa000)
packet size is 614400(0x40e760440000)
packet size is 614400(0x40e7604d6000)
packet size is 614400(0x40e76056c000)
packet size is 614400(0x40e760602000)
packet size is 614400(0x40e760698000)
packet size is 614400(0x40e76072e000)
packet size is 614400(0x40e7607c4000)
packet size is 614400(0x40e76085a000)
packet size is 614400(0x40e7608f0000)
packet size is 614400(0x40e760986000)
packet size is 614400(0x40e75f75c000)
packet size is 614400(0x40e75f7f2000)
packet size is 614400(0x40e75f888000)
packet size is 614400(0x40e75f91e000)
[video4linux2,v4l2 @ 0x120a9a5a0] Some buffers are still owned by the caller on close.
finish!
Play the output video file with the command:
ffplay -f rawvideo -pix_fmt yuv420p -video_size 640x480 video.yuv
